Traceback (most recent call last):
  File "/opt/hostedtoolcache/Python/3.11.3/x64/lib/python3.11/site-packages/jupyter_cache/executors/utils.py", line 58, in single_nb_execution
    executenb(
  File "/opt/hostedtoolcache/Python/3.11.3/x64/lib/python3.11/site-packages/nbclient/client.py", line 1204, in execute
    return NotebookClient(nb=nb, resources=resources, km=km, **kwargs).execute()
           ^^^^^^^^^^^^^^^^^^^^^^^^^^^^^^^^^^^^^^^^^^^^^^^^^^^^^^^^^^^^^^^^^^^^^
  File "/opt/hostedtoolcache/Python/3.11.3/x64/lib/python3.11/site-packages/nbclient/util.py", line 84, in wrapped
    return just_run(coro(*args, **kwargs))
           ^^^^^^^^^^^^^^^^^^^^^^^^^^^^^^^
  File "/opt/hostedtoolcache/Python/3.11.3/x64/lib/python3.11/site-packages/nbclient/util.py", line 62, in just_run
    return loop.run_until_complete(coro)
           ^^^^^^^^^^^^^^^^^^^^^^^^^^^^^
  File "/opt/hostedtoolcache/Python/3.11.3/x64/lib/python3.11/asyncio/base_events.py", line 653, in run_until_complete
    return future.result()
           ^^^^^^^^^^^^^^^
  File "/opt/hostedtoolcache/Python/3.11.3/x64/lib/python3.11/site-packages/nbclient/client.py", line 663, in async_execute
    await self.async_execute_cell(
  File "/opt/hostedtoolcache/Python/3.11.3/x64/lib/python3.11/site-packages/nbclient/client.py", line 965, in async_execute_cell
    await self._check_raise_for_error(cell, cell_index, exec_reply)
  File "/opt/hostedtoolcache/Python/3.11.3/x64/lib/python3.11/site-packages/nbclient/client.py", line 862, in _check_raise_for_error
    raise CellExecutionError.from_cell_and_msg(cell, exec_reply_content)
nbclient.exceptions.CellExecutionError: An error occurred while executing the following cell:
------------------
# First import MMCIF2Dict function
from Bio.PDB.MMCIF2Dict import MMCIF2Dict

# read in the CIF file.
pdb_info = MMCIF2Dict("data/PDB_files/1mbn.cif")
------------------

[0;31m---------------------------------------------------------------------------[0m
[0;31mModuleNotFoundError[0m                       Traceback (most recent call last)
Cell [0;32mIn[1], line 2[0m
[1;32m      1[0m [38;5;66;03m# First import MMCIF2Dict function[39;00m
[0;32m----> 2[0m [38;5;28;01mfrom[39;00m [38;5;21;01mBio[39;00m[38;5;21;01m.[39;00m[38;5;21;01mPDB[39;00m[38;5;21;01m.[39;00m[38;5;21;01mMMCIF2Dict[39;00m [38;5;28;01mimport[39;00m MMCIF2Dict
[1;32m      4[0m [38;5;66;03m# read in the CIF file.[39;00m
[1;32m      5[0m pdb_info [38;5;241m=[39m MMCIF2Dict([38;5;124m"[39m[38;5;124mdata/PDB_files/1mbn.cif[39m[38;5;124m"[39m)

[0;31mModuleNotFoundError[0m: No module named 'Bio'
ModuleNotFoundError: No module named 'Bio'

